imgs_test/cachorro.jpg, 1920 pixels x 1280 pixels, 10x10, 6138.306000 ,3510.040000,1.693000 ,[ms]
imgs_test/cachorro.jpg, 1920 pixels x 1280 pixels, 10x10, 6734.878000 ,1.510000 ,[ms]
imgs_test/cachorro.jpg, 1920 pixels x 1280 pixels, 10x10, 5631.836000 ,2530.686000,2.146000 ,[ms]
imgs_test/cachorro.jpg, 1920 pixels x 1280 pixels, 10x10, 5617.996000 ,2620.403000,2.095000 ,[ms]
imgs_test/cachorro.jpg, 1920 pixels x 1280 pixels, 10x10, 5532.118000 ,2.305000 ,[ms]
imgs_test/cachorro.jpg, 1920 pixels x 1280 pixels, 10x10, 5605.327000 ,2526.271000,2.175000 ,[ms]
imgs_test/cachorro.jpg, 1920 pixels x 1280 pixels, 10x10, 5706.272000 ,2.237000 ,[ms]
imgs_test/cachorro.jpg, 1920 pixels x 1280 pixels, 10x10, 5561.950000 ,2.236000 ,[ms]
imgs_test/cachorro.jpg, 1920 pixels x 1280 pixels, 10x10, 5534.965000 ,1.483000 ,[ms]
imgs_test/cachorro.jpg, 1920 pixels x 1280 pixels, 10x10, 5608.659000 ,2552.049000,1.419000 ,[ms]
imgs_test/img001.jpg, 1920 pixels x 1280 pixels, 10x10, 5596.643000 ,2.196000 ,[ms]
imgs_test/img001.jpg, 1920 pixels x 1280 pixels, 10x10, 5574.762000 ,1.498000 ,[ms]
imgs_test/img001.jpg, 1920 pixels x 1280 pixels, 10x10, 6688.177000 ,3247.252000,1.479000 ,[ms]
imgs_test/img001.jpg, 1920 pixels x 1280 pixels, 10x10, 5812.536000 ,2.360000 ,[ms]
imgs_test/img001.jpg, 1920 pixels x 1280 pixels, 10x10, 5628.587000 ,2512.360000,2.209000 ,[ms]
imgs_test/img001.jpg, 1920 pixels x 1280 pixels, 10x10, 5654.782000 ,2504.847000,1.593000 ,[ms]
imgs_test/img001.jpg, 1920 pixels x 1280 pixels, 10x10, 6834.347000 ,2.121000 ,[ms]
imgs_test/img001.jpg, 1920 pixels x 1280 pixels, 10x10, 6234.550000 ,1.474000 ,[ms]
imgs_test/img001.jpg, 1920 pixels x 1280 pixels, 10x10, 6422.641000 ,2904.131000,1.451000 ,[ms]
imgs_test/img001.jpg, 1920 pixels x 1280 pixels, 10x10, 5665.715000 ,2654.139000,3.731000 ,[ms]
imgs_test/img002.jpg, 1024 pixels x 683 pixels, 10x10, 1844.972000 ,821.854000,0.918000 ,[ms]
imgs_test/img002.jpg, 1024 pixels x 683 pixels, 10x10, 1708.883000 ,801.607000,1.113000 ,[ms]
imgs_test/img002.jpg, 1024 pixels x 683 pixels, 10x10, 1674.381000 ,799.979000,0.903000 ,[ms]
imgs_test/img002.jpg, 1024 pixels x 683 pixels, 10x10, 1691.599000 ,794.073000,0.836000 ,[ms]
imgs_test/img002.jpg, 1024 pixels x 683 pixels, 10x10, 1672.621000 ,804.518000,0.773000 ,[ms]
imgs_test/img002.jpg, 1024 pixels x 683 pixels, 10x10, 1695.085000 ,834.773000,0.907000 ,[ms]
imgs_test/img002.jpg, 1024 pixels x 683 pixels, 10x10, 1713.733000 ,946.570000,0.768000 ,[ms]
imgs_test/img002.jpg, 1024 pixels x 683 pixels, 10x10, 2761.514000 ,1.262000 ,[ms]
imgs_test/img002.jpg, 1024 pixels x 683 pixels, 10x10, 1737.059000 ,834.353000,1.121000 ,[ms]
imgs_test/img002.jpg, 1024 pixels x 683 pixels, 10x10, 1704.729000 ,806.967000,0.765000 ,[ms]
imgs_test/img003.jpg, 1920 pixels x 1280 pixels, 10x10, 6467.121000 ,4.419000 ,[ms]
imgs_test/img003.jpg, 1920 pixels x 1280 pixels, 10x10, 6203.054000 ,3.424000 ,[ms]
imgs_test/img003.jpg, 1920 pixels x 1280 pixels, 10x10, 5464.687000 ,2504.124000